<?xml version="1.0" encoding="UTF-8"?>
<testsuite name="ContactsTest" tests="1" skipped="0" failures="0" errors="0" timestamp="2019-10-08T15:01:10" hostname="adrian-ThinkPad-T480s" time="0.208">
  <properties/>
  <testcase name="start" classname="ContactsTest" time="0.208"/>
  <system-out><![CDATA[Enter action (add, remove, edit, count, list, exit)
Enter action (add, remove, edit, count, list, exit)
The Phone Book has 0 records.
Enter action (add, remove, edit, count, list, exit)
Enter action (add, remove, edit, count, list, exit)
No records to edit!
Enter action (add, remove, edit, count, list, exit)
Enter action (add, remove, edit, count, list, exit)
No records to remove!
Enter action (add, remove, edit, count, list, exit)
Enter action (add, remove, edit, count, list, exit)
Enter the name: 
Enter the surname: 
Enter the number: 
The record added.
Enter action (add, remove, edit, count, list, exit)
The Phone Book has 1 records.
Enter action (add, remove, edit, count, list, exit)
Enter action (add, remove, edit, count, list, exit)
Enter the name: 
Enter the surname: 
Enter the number: 
The record added.
Enter action (add, remove, edit, count, list, exit)
1. John1 Smith2, 123-456-78912
Enter action (add, remove, edit, count, list, exit)
Enter action (add, remove, edit, count, list, exit)
The Phone Book has 0 records.
Enter action (add, remove, edit, count, list, exit)
Enter the name: 
Enter the surname: 
Enter the number: 
The record added.
Enter action (add, remove, edit, count, list, exit)
1. John1 Smith2, 123
Enter action (add, remove, edit, count, list, exit)
Enter action (add, remove, edit, count, list, exit)
The Phone Book has 0 records.
Enter action (add, remove, edit, count, list, exit)
Enter the name: 
Enter the surname: 
Enter the number: 
The record added.
Enter action (add, remove, edit, count, list, exit)
1. John1 Smith2, 123 abc
Enter action (add, remove, edit, count, list, exit)
Enter action (add, remove, edit, count, list, exit)
The Phone Book has 0 records.
Enter action (add, remove, edit, count, list, exit)
Enter the name: 
Enter the surname: 
Enter the number: 
The record added.
Enter action (add, remove, edit, count, list, exit)
1. John1 Smith2, 123-ABC
Enter action (add, remove, edit, count, list, exit)
Enter action (add, remove, edit, count, list, exit)
The Phone Book has 0 records.
Enter action (add, remove, edit, count, list, exit)
Enter the name: 
Enter the surname: 
Enter the number: 
The record added.
Enter action (add, remove, edit, count, list, exit)
1. John1 Smith2, 123 456 xyz
Enter action (add, remove, edit, count, list, exit)
Enter action (add, remove, edit, count, list, exit)
The Phone Book has 0 records.
Enter action (add, remove, edit, count, list, exit)
Enter the name: 
Enter the surname: 
Enter the number: 
The record added.
Enter action (add, remove, edit, count, list, exit)
1. John1 Smith2, 123-456-XYZ
Enter action (add, remove, edit, count, list, exit)
Enter action (add, remove, edit, count, list, exit)
The Phone Book has 0 records.
Enter action (add, remove, edit, count, list, exit)
Enter the name: 
Enter the surname: 
Enter the number: 
The record added.
Enter action (add, remove, edit, count, list, exit)
1. John1 Smith2, 123 456-789
Enter action (add, remove, edit, count, list, exit)
Enter action (add, remove, edit, count, list, exit)
The Phone Book has 0 records.
Enter action (add, remove, edit, count, list, exit)
Enter the name: 
Enter the surname: 
Enter the number: 
The record added.
Enter action (add, remove, edit, count, list, exit)
1. John1 Smith2, 123-456 789
Enter action (add, remove, edit, count, list, exit)
Enter action (add, remove, edit, count, list, exit)
The Phone Book has 0 records.
Enter action (add, remove, edit, count, list, exit)
Enter the name: 
Enter the surname: 
Enter the number: 
The record added.
Enter action (add, remove, edit, count, list, exit)
1. John1 Smith2, 123 45-up-89
Enter action (add, remove, edit, count, list, exit)
Enter action (add, remove, edit, count, list, exit)
The Phone Book has 0 records.
Enter action (add, remove, edit, count, list, exit)
Enter the name: 
Enter the surname: 
Enter the number: 
The record added.
Enter action (add, remove, edit, count, list, exit)
1. John1 Smith2, (123)
Enter action (add, remove, edit, count, list, exit)
Enter action (add, remove, edit, count, list, exit)
The Phone Book has 0 records.
Enter action (add, remove, edit, count, list, exit)
Enter the name: 
Enter the surname: 
Enter the number: 
The record added.
Enter action (add, remove, edit, count, list, exit)
1. John1 Smith2, (123) 456
Enter action (add, remove, edit, count, list, exit)
Enter action (add, remove, edit, count, list, exit)
The Phone Book has 0 records.
Enter action (add, remove, edit, count, list, exit)
Enter the name: 
Enter the surname: 
Enter the number: 
The record added.
Enter action (add, remove, edit, count, list, exit)
1. John1 Smith2, 123-(456)
Enter action (add, remove, edit, count, list, exit)
Enter action (add, remove, edit, count, list, exit)
The Phone Book has 0 records.
Enter action (add, remove, edit, count, list, exit)
Enter the name: 
Enter the surname: 
Enter the number: 
The record added.
Enter action (add, remove, edit, count, list, exit)
1. John1 Smith2, 123 (456) 789
Enter action (add, remove, edit, count, list, exit)
Enter action (add, remove, edit, count, list, exit)
The Phone Book has 0 records.
Enter action (add, remove, edit, count, list, exit)
Enter the name: 
Enter the surname: 
Enter the number: 
The record added.
Enter action (add, remove, edit, count, list, exit)
1. John1 Smith2, 123-(456)-789
Enter action (add, remove, edit, count, list, exit)
Enter action (add, remove, edit, count, list, exit)
The Phone Book has 0 records.
Enter action (add, remove, edit, count, list, exit)
Enter the name: 
Enter the surname: 
Enter the number: 
The record added.
Enter action (add, remove, edit, count, list, exit)
1. John1 Smith2, (123) 456-789
Enter action (add, remove, edit, count, list, exit)
Enter action (add, remove, edit, count, list, exit)
The Phone Book has 0 records.
Enter action (add, remove, edit, count, list, exit)
Enter the name: 
Enter the surname: 
Enter the number: 
The record added.
Enter action (add, remove, edit, count, list, exit)
1. John1 Smith2, (123)-456 789
Enter action (add, remove, edit, count, list, exit)
Enter action (add, remove, edit, count, list, exit)
The Phone Book has 0 records.
Enter action (add, remove, edit, count, list, exit)
Enter the name: 
Enter the surname: 
Enter the number: 
The record added.
Enter action (add, remove, edit, count, list, exit)
1. John1 Smith2, 123 (45)-67-89
Enter action (add, remove, edit, count, list, exit)
Enter action (add, remove, edit, count, list, exit)
The Phone Book has 0 records.
Enter action (add, remove, edit, count, list, exit)
Enter the name: 
Enter the surname: 
Enter the number: 
The record added.
Enter action (add, remove, edit, count, list, exit)
1. John1 Smith2, +(phone)
Enter action (add, remove, edit, count, list, exit)
Enter action (add, remove, edit, count, list, exit)
The Phone Book has 0 records.
Enter action (add, remove, edit, count, list, exit)
Enter the name: 
Enter the surname: 
Enter the number: 
Wrong number format!
The record added.
Enter action (add, remove, edit, count, list, exit)
1. John1 Smith2, [no number]
Enter action (add, remove, edit, count, list, exit)
Enter action (add, remove, edit, count, list, exit)
The Phone Book has 0 records.
Enter action (add, remove, edit, count, list, exit)
Enter the name: 
Enter the surname: 
Enter the number: 
Wrong number format!
The record added.
Enter action (add, remove, edit, count, list, exit)
1. John1 Smith2, [no number]
Enter action (add, remove, edit, count, list, exit)
Enter action (add, remove, edit, count, list, exit)
The Phone Book has 0 records.
Enter action (add, remove, edit, count, list, exit)
Enter the name: 
Enter the surname: 
Enter the number: 
Wrong number format!
The record added.
Enter action (add, remove, edit, count, list, exit)
1. John1 Smith2, [no number]
Enter action (add, remove, edit, count, list, exit)
Enter action (add, remove, edit, count, list, exit)
The Phone Book has 0 records.
Enter action (add, remove, edit, count, list, exit)
Enter the name: 
Enter the surname: 
Enter the number: 
Wrong number format!
The record added.
Enter action (add, remove, edit, count, list, exit)
1. John1 Smith2, [no number]
Enter action (add, remove, edit, count, list, exit)
Enter action (add, remove, edit, count, list, exit)
The Phone Book has 0 records.
Enter action (add, remove, edit, count, list, exit)
Enter the name: 
Enter the surname: 
Enter the number: 
Wrong number format!
The record added.
Enter action (add, remove, edit, count, list, exit)
1. John1 Smith2, [no number]
Enter action (add, remove, edit, count, list, exit)
Enter action (add, remove, edit, count, list, exit)
The Phone Book has 0 records.
Enter action (add, remove, edit, count, list, exit)
Enter the name: 
Enter the surname: 
Enter the number: 
Wrong number format!
The record added.
Enter action (add, remove, edit, count, list, exit)
1. John1 Smith2, [no number]
Enter action (add, remove, edit, count, list, exit)
Enter action (add, remove, edit, count, list, exit)
The Phone Book has 0 records.
Enter action (add, remove, edit, count, list, exit)
Enter the name: 
Enter the surname: 
Enter the number: 
Wrong number format!
The record added.
Enter action (add, remove, edit, count, list, exit)
1. John1 Smith2, [no number]
Enter action (add, remove, edit, count, list, exit)
Enter action (add, remove, edit, count, list, exit)
The Phone Book has 0 records.
Enter action (add, remove, edit, count, list, exit)
Enter the name: 
Enter the surname: 
Enter the number: 
The record added.
Enter action (add, remove, edit, count, list, exit)
1. John1 Smith2, 193
Enter action (add, remove, edit, count, list, exit)
Enter action (add, remove, edit, count, list, exit)
The Phone Book has 0 records.
Enter action (add, remove, edit, count, list, exit)
Enter the name: 
Enter the surname: 
Enter the number: 
The record added.
Enter action (add, remove, edit, count, list, exit)
1. John1 Smith2, 129 abf
Enter action (add, remove, edit, count, list, exit)
Enter action (add, remove, edit, count, list, exit)
The Phone Book has 0 records.
Enter action (add, remove, edit, count, list, exit)
Enter the name: 
Enter the surname: 
Enter the number: 
The record added.
Enter action (add, remove, edit, count, list, exit)
1. John1 Smith2, 123-AFC
Enter action (add, remove, edit, count, list, exit)
Enter action (add, remove, edit, count, list, exit)
The Phone Book has 0 records.
Enter action (add, remove, edit, count, list, exit)
Enter the name: 
Enter the surname: 
Enter the number: 
The record added.
Enter action (add, remove, edit, count, list, exit)
1. John1 Smith2, 154 456 xyz
Enter action (add, remove, edit, count, list, exit)
Enter action (add, remove, edit, count, list, exit)
The Phone Book has 0 records.
Enter action (add, remove, edit, count, list, exit)
Enter the name: 
Enter the surname: 
Enter the number: 
The record added.
Enter action (add, remove, edit, count, list, exit)
1. John1 Smith2, 123-566-XYZ
Enter action (add, remove, edit, count, list, exit)
Enter action (add, remove, edit, count, list, exit)
The Phone Book has 0 records.
Enter action (add, remove, edit, count, list, exit)
Enter the name: 
Enter the surname: 
Enter the number: 
The record added.
Enter action (add, remove, edit, count, list, exit)
1. John1 Smith2, 123 456-349
Enter action (add, remove, edit, count, list, exit)
Enter action (add, remove, edit, count, list, exit)
The Phone Book has 0 records.
Enter action (add, remove, edit, count, list, exit)
Enter the name: 
Enter the surname: 
Enter the number: 
The record added.
Enter action (add, remove, edit, count, list, exit)
1. John1 Smith2, 134-456 789
Enter action (add, remove, edit, count, list, exit)
Enter action (add, remove, edit, count, list, exit)
The Phone Book has 0 records.
Enter action (add, remove, edit, count, list, exit)
Enter the name: 
Enter the surname: 
Enter the number: 
The record added.
Enter action (add, remove, edit, count, list, exit)
1. John1 Smith2, 123 45-down-89
Enter action (add, remove, edit, count, list, exit)
Enter action (add, remove, edit, count, list, exit)
The Phone Book has 0 records.
Enter action (add, remove, edit, count, list, exit)
Enter the name: 
Enter the surname: 
Enter the number: 
The record added.
Enter action (add, remove, edit, count, list, exit)
1. John1 Smith2, (234)
Enter action (add, remove, edit, count, list, exit)
Enter action (add, remove, edit, count, list, exit)
The Phone Book has 0 records.
Enter action (add, remove, edit, count, list, exit)
Enter the name: 
Enter the surname: 
Enter the number: 
The record added.
Enter action (add, remove, edit, count, list, exit)
1. John1 Smith2, (123) 566
Enter action (add, remove, edit, count, list, exit)
Enter action (add, remove, edit, count, list, exit)
The Phone Book has 0 records.
Enter action (add, remove, edit, count, list, exit)
Enter the name: 
Enter the surname: 
Enter the number: 
The record added.
Enter action (add, remove, edit, count, list, exit)
1. John1 Smith2, 873-(456)
Enter action (add, remove, edit, count, list, exit)
Enter action (add, remove, edit, count, list, exit)
The Phone Book has 0 records.
Enter action (add, remove, edit, count, list, exit)
Enter the name: 
Enter the surname: 
Enter the number: 
The record added.
Enter action (add, remove, edit, count, list, exit)
1. John1 Smith2, 123 (786) 789
Enter action (add, remove, edit, count, list, exit)
Enter action (add, remove, edit, count, list, exit)
The Phone Book has 0 records.
Enter action (add, remove, edit, count, list, exit)
Enter the name: 
Enter the surname: 
Enter the number: 
The record added.
Enter action (add, remove, edit, count, list, exit)
1. John1 Smith2, 163-(456)-789
Enter action (add, remove, edit, count, list, exit)
Enter action (add, remove, edit, count, list, exit)
The Phone Book has 0 records.
Enter action (add, remove, edit, count, list, exit)
Enter the name: 
Enter the surname: 
Enter the number: 
The record added.
Enter action (add, remove, edit, count, list, exit)
1. John1 Smith2, (123) 496-789
Enter action (add, remove, edit, count, list, exit)
Enter action (add, remove, edit, count, list, exit)
The Phone Book has 0 records.
Enter action (add, remove, edit, count, list, exit)
Enter the name: 
Enter the surname: 
Enter the number: 
The record added.
Enter action (add, remove, edit, count, list, exit)
1. John1 Smith2, (173)-456 789
Enter action (add, remove, edit, count, list, exit)
Enter action (add, remove, edit, count, list, exit)
The Phone Book has 0 records.
Enter action (add, remove, edit, count, list, exit)
Enter the name: 
Enter the surname: 
Enter the number: 
The record added.
Enter action (add, remove, edit, count, list, exit)
1. John1 Smith2, 123 (95)-67-89
Enter action (add, remove, edit, count, list, exit)
Enter action (add, remove, edit, count, list, exit)
The Phone Book has 0 records.
Enter action (add, remove, edit, count, list, exit)
Enter the name: 
Enter the surname: 
Enter the number: 
The record added.
Enter action (add, remove, edit, count, list, exit)
1. John1 Smith2, +(another)
Enter action (add, remove, edit, count, list, exit)
Enter action (add, remove, edit, count, list, exit)
The Phone Book has 0 records.
Enter action (add, remove, edit, count, list, exit)
Enter the name: 
Enter the surname: 
Enter the number: 
Wrong number format!
The record added.
Enter action (add, remove, edit, count, list, exit)
1. John1 Smith2, [no number]
Enter action (add, remove, edit, count, list, exit)
Enter action (add, remove, edit, count, list, exit)
The Phone Book has 0 records.
Enter action (add, remove, edit, count, list, exit)
Enter the name: 
Enter the surname: 
Enter the number: 
Wrong number format!
The record added.
Enter action (add, remove, edit, count, list, exit)
1. John1 Smith2, [no number]
Enter action (add, remove, edit, count, list, exit)
Enter action (add, remove, edit, count, list, exit)
The Phone Book has 0 records.
Enter action (add, remove, edit, count, list, exit)
Enter the name: 
Enter the surname: 
Enter the number: 
Wrong number format!
The record added.
Enter action (add, remove, edit, count, list, exit)
1. John1 Smith2, [no number]
Enter action (add, remove, edit, count, list, exit)
Enter action (add, remove, edit, count, list, exit)
The Phone Book has 0 records.
Enter action (add, remove, edit, count, list, exit)
Enter the name: 
Enter the surname: 
Enter the number: 
Wrong number format!
The record added.
Enter action (add, remove, edit, count, list, exit)
1. John1 Smith2, [no number]
Enter action (add, remove, edit, count, list, exit)
Enter action (add, remove, edit, count, list, exit)
The Phone Book has 0 records.
Enter action (add, remove, edit, count, list, exit)
Enter the name: 
Enter the surname: 
Enter the number: 
Wrong number format!
The record added.
Enter action (add, remove, edit, count, list, exit)
1. John1 Smith2, [no number]
Enter action (add, remove, edit, count, list, exit)
Enter action (add, remove, edit, count, list, exit)
The Phone Book has 0 records.
Enter action (add, remove, edit, count, list, exit)
Enter the name: 
Enter the surname: 
Enter the number: 
Wrong number format!
The record added.
Enter action (add, remove, edit, count, list, exit)
1. John1 Smith2, [no number]
Enter action (add, remove, edit, count, list, exit)
Enter action (add, remove, edit, count, list, exit)
The Phone Book has 0 records.
Enter action (add, remove, edit, count, list, exit)
Enter the name: 
Enter the surname: 
Enter the number: 
Wrong number format!
The record added.
Enter action (add, remove, edit, count, list, exit)
1. John1 Smith2, [no number]
Enter action (add, remove, edit, count, list, exit)
Enter action (add, remove, edit, count, list, exit)
Enter the name: 
Enter the surname: 
Enter the number: 
The record added.
Enter action (add, remove, edit, count, list, exit)
Enter the name: 
Enter the surname: 
Enter the number: 
The record added.
Enter action (add, remove, edit, count, list, exit)
1. Jq Sr, 123
2. Qw We, 234
Enter action (add, remove, edit, count, list, exit)
Enter action (add, remove, edit, count, list, exit)
Enter the name: 
Enter the surname: 
Enter the number: 
The record added.
Enter action (add, remove, edit, count, list, exit)
Enter the name: 
Enter the surname: 
Enter the number: 
The record added.
Enter action (add, remove, edit, count, list, exit)
1. Jq Sr, 123
2. Qw We, 234
Select a record:
Select a field: (name, surname, number)
Enter name: 
The record updated!
Enter action (add, remove, edit, count, list, exit)
1. Jq Sr, 123
2. Qe We, 234
Enter action (add, remove, edit, count, list, exit)
Enter action (add, remove, edit, count, list, exit)
Enter the name: 
Enter the surname: 
Enter the number: 
The record added.
Enter action (add, remove, edit, count, list, exit)
Enter the name: 
Enter the surname: 
Enter the number: 
The record added.
Enter action (add, remove, edit, count, list, exit)
1. Jq Sr, 123
2. Qw We, 234
Select a record:
Select a field: (name, surname, number)
Enter surname: 
The record updated!
Enter action (add, remove, edit, count, list, exit)
1. Jq Sr, 123
2. Qw QR, 234
Enter action (add, remove, edit, count, list, exit)
Enter action (add, remove, edit, count, list, exit)
Enter the name: 
Enter the surname: 
Enter the number: 
The record added.
Enter action (add, remove, edit, count, list, exit)
Enter the name: 
Enter the surname: 
Enter the number: 
The record added.
Enter action (add, remove, edit, count, list, exit)
1. Jq Sr, 123
2. Qw We, 234
Select a record:
Select a field: (name, surname, number)
Enter number: 
Wrong number format!
The record updated!
Enter action (add, remove, edit, count, list, exit)
1. Jq Sr, 123
2. Qw We, [no number]
Enter action (add, remove, edit, count, list, exit)
Enter action (add, remove, edit, count, list, exit)
Enter the name: 
Enter the surname: 
Enter the number: 
The record added.
Enter action (add, remove, edit, count, list, exit)
Enter the name: 
Enter the surname: 
Enter the number: 
The record added.
Enter action (add, remove, edit, count, list, exit)
1. Jq Sr, 123
2. Qw We, 234
Select a record:
The record removed!
Enter action (add, remove, edit, count, list, exit)
1. Qw We, 234
Enter action (add, remove, edit, count, list, exit)
Enter action (add, remove, edit, count, list, exit)
Enter the name: 
Enter the surname: 
Enter the number: 
The record added.
Enter action (add, remove, edit, count, list, exit)
Enter the name: 
Enter the surname: 
Enter the number: 
The record added.
Enter action (add, remove, edit, count, list, exit)
1. Jq Sr, 123
2. Qw We, 234
Select a record:
The record removed!
Enter action (add, remove, edit, count, list, exit)
1. Jq Sr, 123
Enter action (add, remove, edit, count, list, exit)
]]></system-out>
  <system-err><![CDATA[Start test 1
Start test 2
Start test 3
Start test 4
Start test 5
Start test 6
Start test 7
Start test 8
Start test 9
Start test 10
Start test 11
Start test 12
Start test 13
Start test 14
Start test 15
Start test 16
Start test 17
Start test 18
Start test 19
Start test 20
Start test 21
Start test 22
Start test 23
Start test 24
Start test 25
Start test 26
Start test 27
Start test 28
Start test 29
Start test 30
Start test 31
Start test 32
Start test 33
Start test 34
Start test 35
Start test 36
Start test 37
Start test 38
Start test 39
Start test 40
Start test 41
Start test 42
Start test 43
Start test 44
Start test 45
Start test 46
Start test 47
Start test 48
Start test 49
Start test 50
Start test 51
Start test 52
Start test 53
Start test 54
Start test 55
Start test 56
Start test 57
Start test 58
Start test 59
Start test 60
]]></system-err>
</testsuite>
